#! /opt/homebrew/Cellar/icarus-verilog/13.0/bin/vvp
:ivl_version "13.0 (stable)" "(v13_0)";
:ivl_delay_selection "TYPICAL";
:vpi_time_precision - 12;
:vpi_module "/opt/homebrew/Cellar/icarus-verilog/13.0/lib/ivl/system.vpi";
:vpi_module "/opt/homebrew/Cellar/icarus-verilog/13.0/lib/ivl/vhdl_sys.vpi";
:vpi_module "/opt/homebrew/Cellar/icarus-verilog/13.0/lib/ivl/vhdl_textio.vpi";
:vpi_module "/opt/homebrew/Cellar/icarus-verilog/13.0/lib/ivl/v2005_math.vpi";
:vpi_module "/opt/homebrew/Cellar/icarus-verilog/13.0/lib/ivl/va_math.vpi";
S_0x1012e7fc0 .scope module, "ALU_tb" "ALU_tb" 2 3;
 .timescale -9 -10;
P_0xc4d041080 .param/l "TEST_SIZE" 0 2 6, +C4<00000000000000000000001111101000>;
v0x1012ef200_0 .var/i "FAILED", 31 0;
v0xc4cc40000_0 .var/i "PASSED", 31 0;
v0xc4cc400a0_0 .net "alu_result", 31 0, v0x1012e2d60_0;  1 drivers
v0xc4cc40140 .array "alu_result_mem", 999 0, 31 0;
v0xc4cc401e0_0 .var "funct", 3 0;
v0xc4cc40280 .array "funct_mem", 999 0, 3 0;
v0xc4cc40320_0 .var/i "i", 31 0;
v0xc4cc403c0_0 .var "operand1", 31 0;
v0xc4cc40460 .array "operand1_mem", 999 0, 31 0;
v0xc4cc40500_0 .var "operand2", 31 0;
v0xc4cc405a0 .array "operand2_mem", 999 0, 31 0;
v0xc4cc40640_0 .var "shamt", 4 0;
v0xc4cc406e0 .array "shamt_mem", 999 0, 4 0;
S_0x1012e8140 .scope task, "Test" "Test" 2 28, 2 28 0, S_0x1012e7fc0;
 .timescale -9 -10;
v0x1012edb70_0 .var "alu_result_in", 31 0;
v0x1012e2ae0_0 .var "funct_in", 3 0;
v0x1012e2b80_0 .var "operand1_in", 31 0;
v0x1012e2c20_0 .var "operand2_in", 31 0;
v0x1012e2cc0_0 .var "shamt_in", 4 0;
TD_ALU_tb.Test ;
    %load/vec4 v0x1012e2b80_0;
    %store/vec4 v0xc4cc403c0_0, 0, 32;
    %load/vec4 v0x1012e2c20_0;
    %store/vec4 v0xc4cc40500_0, 0, 32;
    %load/vec4 v0x1012e2cc0_0;
    %store/vec4 v0xc4cc40640_0, 0, 5;
    %load/vec4 v0x1012e2ae0_0;
    %store/vec4 v0xc4cc401e0_0, 0, 4;
    %vpi_call 2 39 "$display", "TEST CTRL Sig: %h :", v0xc4cc401e0_0 {0 0 0};
    %delay 1000, 0;
    %load/vec4 v0xc4cc400a0_0;
    %load/vec4 v0x1012edb70_0;
    %cmp/e;
    %jmp/0xz  T_0.0, 4;
    %vpi_call 2 42 "$display", "PASSED" {0 0 0};
    %load/vec4 v0xc4cc40000_0;
    %addi 1, 0, 32;
    %store/vec4 v0xc4cc40000_0, 0, 32;
    %jmp T_0.1;
T_0.0 ;
    %vpi_call 2 46 "$display", "FAILED" {0 0 0};
    %vpi_call 2 47 "$display", "funct: %d, operand1 = %d, operand2 = %d, shamt = %d, result = %h (Ans : %h)", v0xc4cc401e0_0, v0xc4cc403c0_0, v0xc4cc40500_0, v0xc4cc40640_0, v0xc4cc400a0_0, v0x1012edb70_0 {0 0 0};
    %load/vec4 v0x1012ef200_0;
    %addi 1, 0, 32;
    %store/vec4 v0x1012ef200_0, 0, 32;
T_0.1 ;
    %end;
S_0x1012ee980 .scope module, "alu_top" "ALU" 2 25, 3 5 0, S_0x1012e7fc0;
 .timescale -9 -12;
    .port_info 0 /INPUT 32 "operand1";
    .port_info 1 /INPUT 32 "operand2";
    .port_info 2 /INPUT 5 "shamt";
    .port_info 3 /INPUT 4 "funct";
    .port_info 4 /OUTPUT 32 "alu_result";
v0x1012e2d60_0 .var "alu_result", 31 0;
v0x1012eef80_0 .net "funct", 3 0, v0xc4cc401e0_0;  1 drivers
v0x1012ef020_0 .net "operand1", 31 0, v0xc4cc403c0_0;  1 drivers
v0x1012ef0c0_0 .net "operand2", 31 0, v0xc4cc40500_0;  1 drivers
v0x1012ef160_0 .net "shamt", 4 0, v0xc4cc40640_0;  1 drivers
E_0xc4cc340c0 .event anyedge, v0x1012eef80_0, v0x1012ef020_0, v0x1012ef0c0_0, v0x1012ef160_0;
    .scope S_0x1012ee980;
T_1 ;
    %wait E_0xc4cc340c0;
    %load/vec4 v0x1012eef80_0;
    %dup/vec4;
    %pushi/vec4 0, 0, 4;
    %cmp/u;
    %jmp/1 T_1.0, 6;
    %dup/vec4;
    %pushi/vec4 1, 0, 4;
    %cmp/u;
    %jmp/1 T_1.1, 6;
    %dup/vec4;
    %pushi/vec4 2, 0, 4;
    %cmp/u;
    %jmp/1 T_1.2, 6;
    %dup/vec4;
    %pushi/vec4 3, 0, 4;
    %cmp/u;
    %jmp/1 T_1.3, 6;
    %dup/vec4;
    %pushi/vec4 4, 0, 4;
    %cmp/u;
    %jmp/1 T_1.4, 6;
    %dup/vec4;
    %pushi/vec4 5, 0, 4;
    %cmp/u;
    %jmp/1 T_1.5, 6;
    %dup/vec4;
    %pushi/vec4 6, 0, 4;
    %cmp/u;
    %jmp/1 T_1.6, 6;
    %dup/vec4;
    %pushi/vec4 7, 0, 4;
    %cmp/u;
    %jmp/1 T_1.7, 6;
    %dup/vec4;
    %pushi/vec4 8, 0, 4;
    %cmp/u;
    %jmp/1 T_1.8, 6;
    %dup/vec4;
    %pushi/vec4 9, 0, 4;
    %cmp/u;
    %jmp/1 T_1.9, 6;
    %dup/vec4;
    %pushi/vec4 10, 0, 4;
    %cmp/u;
    %jmp/1 T_1.10, 6;
    %dup/vec4;
    %pushi/vec4 11, 0, 4;
    %cmp/u;
    %jmp/1 T_1.11, 6;
    %dup/vec4;
    %pushi/vec4 12, 0, 4;
    %cmp/u;
    %jmp/1 T_1.12, 6;
    %dup/vec4;
    %pushi/vec4 13, 0, 4;
    %cmp/u;
    %jmp/1 T_1.13, 6;
    %jmp T_1.14;
T_1.0 ;
    %load/vec4 v0x1012ef020_0;
    %load/vec4 v0x1012ef0c0_0;
    %add;
    %store/vec4 v0x1012e2d60_0, 0, 32;
    %jmp T_1.14;
T_1.1 ;
    %load/vec4 v0x1012ef020_0;
    %load/vec4 v0x1012ef0c0_0;
    %and;
    %store/vec4 v0x1012e2d60_0, 0, 32;
    %jmp T_1.14;
T_1.2 ;
    %load/vec4 v0x1012ef020_0;
    %load/vec4 v0x1012ef0c0_0;
    %or;
    %inv;
    %store/vec4 v0x1012e2d60_0, 0, 32;
    %jmp T_1.14;
T_1.3 ;
    %load/vec4 v0x1012ef020_0;
    %load/vec4 v0x1012ef0c0_0;
    %or;
    %store/vec4 v0x1012e2d60_0, 0, 32;
    %jmp T_1.14;
T_1.4 ;
    %load/vec4 v0x1012ef0c0_0;
    %ix/getv 4, v0x1012ef160_0;
    %shiftl 4;
    %store/vec4 v0x1012e2d60_0, 0, 32;
    %jmp T_1.14;
T_1.5 ;
    %load/vec4 v0x1012ef0c0_0;
    %ix/getv 4, v0x1012ef160_0;
    %shiftr/s 4;
    %store/vec4 v0x1012e2d60_0, 0, 32;
    %jmp T_1.14;
T_1.6 ;
    %load/vec4 v0x1012ef0c0_0;
    %ix/getv 4, v0x1012ef160_0;
    %shiftr 4;
    %store/vec4 v0x1012e2d60_0, 0, 32;
    %jmp T_1.14;
T_1.7 ;
    %load/vec4 v0x1012ef020_0;
    %load/vec4 v0x1012ef0c0_0;
    %sub;
    %store/vec4 v0x1012e2d60_0, 0, 32;
    %jmp T_1.14;
T_1.8 ;
    %load/vec4 v0x1012ef020_0;
    %load/vec4 v0x1012ef0c0_0;
    %xor;
    %store/vec4 v0x1012e2d60_0, 0, 32;
    %jmp T_1.14;
T_1.9 ;
    %load/vec4 v0x1012ef020_0;
    %load/vec4 v0x1012ef0c0_0;
    %cmp/s;
    %flag_mov 8, 5;
    %jmp/0 T_1.15, 8;
    %pushi/vec4 1, 0, 32;
    %jmp/1 T_1.16, 8;
T_1.15 ; End of true expr.
    %pushi/vec4 0, 0, 32;
    %jmp/0 T_1.16, 8;
 ; End of false expr.
    %blend;
T_1.16;
    %store/vec4 v0x1012e2d60_0, 0, 32;
    %jmp T_1.14;
T_1.10 ;
    %load/vec4 v0x1012ef020_0;
    %load/vec4 v0x1012ef0c0_0;
    %cmp/u;
    %flag_mov 8, 5;
    %jmp/0 T_1.17, 8;
    %pushi/vec4 1, 0, 32;
    %jmp/1 T_1.18, 8;
T_1.17 ; End of true expr.
    %pushi/vec4 0, 0, 32;
    %jmp/0 T_1.18, 8;
 ; End of false expr.
    %blend;
T_1.18;
    %store/vec4 v0x1012e2d60_0, 0, 32;
    %jmp T_1.14;
T_1.11 ;
    %load/vec4 v0x1012ef020_0;
    %load/vec4 v0x1012ef0c0_0;
    %cmp/e;
    %flag_mov 8, 4;
    %jmp/0 T_1.19, 8;
    %pushi/vec4 1, 0, 32;
    %jmp/1 T_1.20, 8;
T_1.19 ; End of true expr.
    %pushi/vec4 0, 0, 32;
    %jmp/0 T_1.20, 8;
 ; End of false expr.
    %blend;
T_1.20;
    %store/vec4 v0x1012e2d60_0, 0, 32;
    %jmp T_1.14;
T_1.12 ;
    %load/vec4 v0x1012ef020_0;
    %load/vec4 v0x1012ef0c0_0;
    %cmp/ne;
    %flag_mov 8, 4;
    %jmp/0 T_1.21, 8;
    %pushi/vec4 1, 0, 32;
    %jmp/1 T_1.22, 8;
T_1.21 ; End of true expr.
    %pushi/vec4 0, 0, 32;
    %jmp/0 T_1.22, 8;
 ; End of false expr.
    %blend;
T_1.22;
    %store/vec4 v0x1012e2d60_0, 0, 32;
    %jmp T_1.14;
T_1.13 ;
    %load/vec4 v0x1012ef0c0_0;
    %ix/load 4, 16, 0;
    %flag_set/imm 4, 0;
    %shiftl 4;
    %store/vec4 v0x1012e2d60_0, 0, 32;
    %jmp T_1.14;
T_1.14 ;
    %pop/vec4 1;
    %jmp T_1;
    .thread T_1, $push;
    .scope S_0x1012e7fc0;
T_2 ;
    %vpi_call 2 56 "$readmemh", "operand1.mem", v0xc4cc40460 {0 0 0};
    %vpi_call 2 57 "$readmemh", "operand2.mem", v0xc4cc405a0 {0 0 0};
    %vpi_call 2 58 "$readmemb", "shamt.mem", v0xc4cc406e0 {0 0 0};
    %vpi_call 2 59 "$readmemb", "funct.mem", v0xc4cc40280 {0 0 0};
    %vpi_call 2 60 "$readmemh", "alu_result.mem", v0xc4cc40140 {0 0 0};
    %end;
    .thread T_2;
    .scope S_0x1012e7fc0;
T_3 ;
    %pushi/vec4 0, 0, 32;
    %store/vec4 v0xc4cc40320_0, 0, 32;
    %pushi/vec4 0, 0, 32;
    %store/vec4 v0xc4cc40000_0, 0, 32;
    %pushi/vec4 0, 0, 32;
    %store/vec4 v0x1012ef200_0, 0, 32;
    %delay 10000, 0;
    %pushi/vec4 0, 0, 32;
    %store/vec4 v0xc4cc40320_0, 0, 32;
T_3.0 ; Top of for-loop
    %load/vec4 v0xc4cc40320_0;
    %cmpi/s 1000, 0, 32;
	  %jmp/0xz T_3.1, 5;
    %ix/getv/s 4, v0xc4cc40320_0;
    %load/vec4a v0xc4cc40460, 4;
    %store/vec4 v0x1012e2b80_0, 0, 32;
    %ix/getv/s 4, v0xc4cc40320_0;
    %load/vec4a v0xc4cc405a0, 4;
    %store/vec4 v0x1012e2c20_0, 0, 32;
    %ix/getv/s 4, v0xc4cc40320_0;
    %load/vec4a v0xc4cc406e0, 4;
    %store/vec4 v0x1012e2cc0_0, 0, 5;
    %ix/getv/s 4, v0xc4cc40320_0;
    %load/vec4a v0xc4cc40280, 4;
    %store/vec4 v0x1012e2ae0_0, 0, 4;
    %ix/getv/s 4, v0xc4cc40320_0;
    %load/vec4a v0xc4cc40140, 4;
    %store/vec4 v0x1012edb70_0, 0, 32;
    %fork TD_ALU_tb.Test, S_0x1012e8140;
    %join;
T_3.2 ; for-loop step statement
    %load/vec4 v0xc4cc40320_0;
    %addi 1, 0, 32;
    %store/vec4 v0xc4cc40320_0, 0, 32;
    %jmp T_3.0;
T_3.1 ; for-loop exit label
    %delay 10000, 0;
    %vpi_call 2 75 "$display", "PASSED = %d, FAILED = %d", v0xc4cc40000_0, v0x1012ef200_0 {0 0 0};
    %vpi_call 2 76 "$finish" {0 0 0};
    %end;
    .thread T_3;
# The file index is used to find the file name in the following table.
:file_names 4;
    "N/A";
    "<interactive>";
    "ALU_tb.v";
    "ALU.v";
